<?xml version="1.0" encoding="UTF-8"?>
<beans xmlns="http://www.springframework.org/schema/beans"
	xmlns:xsi="http://www.w3.org/2001/XMLSchema-instance" 
	xmlns:mvc="http://www.springframework.org/schema/mvc"
	xmlns:tx="http://www.springframework.org/schema/tx"
	xmlns:context="http://www.springframework.org/schema/context"
	xsi:schemaLocation="
        http://www.springframework.org/schema/mvc http://www.springframework.org/schema/mvc/spring-mvc-3.0.xsd
        http://www.springframework.org/schema/tx http://www.springframework.org/schema/tx/spring-tx-3.0.xsd
        http://www.springframework.org/schema/beans http://www.springframework.org/schema/beans/spring-beans-3.0.xsd
        http://www.springframework.org/schema/context http://www.springframework.org/schema/context/spring-context-3.0.xsd">

	<context:annotation-config />
	<context:property-placeholder location="classpath:jdbc.properties"/>
	<context:component-scan base-package="com.sapestore" />
	<mvc:annotation-driven />
	<mvc:resources location="/img/" mapping="/img/**" />
	<mvc:resources location="/css/" mapping="/css/**" />
	<mvc:resources location="/js/" mapping="/js/**" />
	<mvc:resources location="/img/" mapping="/admin/img/**" />
	<mvc:resources location="/css/" mapping="/admin/css/**" />
	<mvc:resources location="/js/" mapping="/admin/js/**" />
	<mvc:resources location="/img/" mapping="/myaccount/img/**" />
	<mvc:resources location="/css/" mapping="/myaccount/css/**" />
	<mvc:resources location="/js/" mapping="/myaccount/js/**" />
	<mvc:resources location="/img/" mapping="/mycart/img/**" />
	<mvc:resources location="/css/" mapping="/mycart/css/**" />
	<mvc:resources location="/js/" mapping="/mycart/js/**" />
	<mvc:resources location="/img/" mapping="/myorder/img/**" />
	<mvc:resources location="/css/" mapping="/myorder/css/**" />
	<mvc:resources location="/js/" mapping="/myorder/js/**" />
	
	<mvc:resources location="/common/" mapping="/common/**" />
	<bean class="org.springframework.beans.factory.annotation.AutowiredAnnotationBeanPostProcessor" />
	<bean class="org.springframework.context.annotation.CommonAnnotationBeanPostProcessor" />

	<bean id="multipartResolver"
		class="org.springframework.web.multipart.commons.CommonsMultipartResolver">
		<property name="maxUploadSize" value="10000000" />
	</bean>
	<bean id="viewResolver"
		class="org.springframework.web.servlet.view.InternalResourceViewResolver">
		<property name="prefix" value="/" />
		<property name="suffix" value=".jsp" />
	</bean>
	
	<bean id="mailSender" class="org.springframework.mail.javamail.JavaMailSenderImpl">
        <property name="host" value="smtp.gmail.com" />
        <property name="port" value="465" />
        <property name="username" value="nair.sreekumar.t@gmail.com" />
        <property name="password" value="" />
        <property name="javaMailProperties">
            <props>
            	<prop key="mail.transport.protocol">smtps</prop>
                <prop key="mail.smtp.ssl.trust">smtp.gmail.com</prop>
                <prop key="mail.smtp.starttls.enable">true</prop>
                <prop key="mail.smtp.auth">true</prop>
            </props>
        </property>
    </bean>

	 <bean id="emailSender" class="com.sapestore.service.impl.EmailConfirmationServiceImpl">
        <property name="mailSender" ref="mailSender" />
        <property name="velocityEngine" ref="velocityEngine"/>
    </bean>
     
    <bean id="velocityEngine" class="org.springframework.ui.velocity.VelocityEngineFactoryBean">
        <property name="velocityProperties">
            <value>
                resource.loader=class
                class.resource.loader.class=org.apache.velocity.runtime.resource.loader.ClasspathResourceLoader
            </value>
        </property>
    </bean>
	
	
	<bean id="messageSource" class="org.springframework.context.support.ReloadableResourceBundleMessageSource">
		<property name="basename" value="classpath:message_en" />
		<property name="defaultEncoding" value="UTF-8" />
	</bean>
	<bean id="fileValidator" class="com.sapestore.validations.FileValidator" />
	    
    <bean id="dataSource" class="org.apache.commons.dbcp.BasicDataSource" destroy-method="close">  
        <property name="driverClassName" value="${drvName}"></property>  
        <property name="url" value="${dbUri}"></property>  
        <property name="username" value="${user}"></property>  
        <property name="password" value="${password}"></property>  
        <property name="initialSize" value="${maxIdle}"/>
        <property name="maxActive" value="${maxActive}"/>
    </bean>  
      
    <bean id="sessionFactory"  class="org.springframework.orm.hibernate3.annotation.AnnotationSessionFactoryBean">  
        <property name="dataSource" ref="dataSource"></property> 
        <property name="packagesToScan" value="com.sapestore.hibernate.entity"/>
        <property name="hibernateProperties">  
            <props>  
                <prop key="hibernate.dialect">org.hibernate.dialect.Oracle10gDialect</prop>  
                <prop key="hibernate.hbm2ddl.auto">none</prop>  
                <prop key="hibernate.show_sql">false</prop>          
                <prop key="cache.provider_class">org.hibernate.cache.NoCacheProvider</prop>          
            </props>  
        </property>  
    </bean>    
    
    <bean id="hibernateTemplate" class="org.springframework.orm.hibernate3.HibernateTemplate">
		<property name="sessionFactory" ref="sessionFactory"/>
	</bean>
		<bean id="transactionManager" class="org.springframework.orm.hibernate3.HibernateTransactionManager">
        <property name="sessionFactory" ref="sessionFactory" />
    </bean>
	<tx:annotation-driven/> 
</beans>